<?xml version="1.0" encoding="UTF-8"?>
<!-- Generated by org.testng.reporters.JUnitReportReporter -->
<testsuite hostname="Sparky" failures="0" tests="1" name="test.DashboardTestPage" time="3.266" errors="0" timestamp="2023-06-16T00:04:49 CDT" skipped="0">
  <testcase classname="test.DashboardTestPage" name="validateMonthDropDown" time="3.266"/>
  <system-out/>
</testsuite> <!-- test.DashboardTestPage -->
